7.8626 	INFO 	---START PARAMETERS---
7.8626 	INFO 	filename: SampleExperiment_d1.py-1-1-Nov_09_1235
7.8626 	INFO 	subject: 1
7.8626 	INFO 	session: 1
7.8626 	INFO 	date: Nov_09_1235
7.8626 	INFO 	ISI: 2
7.8626 	INFO 	fixCrossPos: [0, 0]
7.8626 	INFO 	fixCrossSize: 10
7.8626 	INFO 	fullScreen: True
7.8627 	INFO 	imageDir: Faces/
7.8627 	INFO 	imageSuffix: .jpg
7.8627 	INFO 	nTrials: 3
7.8627 	INFO 	promptDir: Text/
7.8627 	INFO 	promptFile: SamplePrompts.txt
7.8627 	INFO 	respAdvances: True
7.8627 	INFO 	respKeys: ['r', 'b', 'y', 'g']
7.8627 	INFO 	screenColor: (128, 128, 128)
7.8627 	INFO 	screenToShow: 1
7.8627 	INFO 	skipPrompts: False
7.8627 	INFO 	stimDur: 1
7.8627 	INFO 	tStartup: 2
7.8627 	INFO 	triggerKey: t
7.8627 	INFO 	---END PARAMETERS---
7.8830 	INFO 	Loaded monitor calibration from ['2014_10_24 17:19']
8.7720 	EXP 	Created win = Window(allowGUI=False, allowStencil=False, autoLog=True, bitsMode=UNKNOWN, blendMode='avg', color=array([ 128.,  128.,  128.]), colorSpace='rgb255', fullscr=UNKNOWN, gamma=None, lms=UNKNOWN, monitor=<psychopy.monitors.calibTools.Monitor instance at 0x10537e90>, name='win', pos=[0, 0], screen=1, size=array([1600, 1200]), stereo=False, units='deg', useFBO=False, viewOri=0.0, viewPos=None, viewScale=None, waitBlanking=True, winType='pyglet')
8.7740 	EXP 	Created fixCross = ShapeStim(autoDraw=False, autoLog=True, closeShape=False, contrast=1.0, depth=0, fillColor=None, fillColorSpace='rgb', fillRGB=None, interpolate=True, lineColor='#000000', lineColorSpace='hex', lineRGB=array([0, 0, 0]), lineWidth=3.0, name='fixCross', opacity=1.0, ori=array(0.0), pos=array([ 0.,  0.]), size=array([ 1.,  1.]), units='pix', vertices=ndarray(...), win=Window(...))
8.8173 	EXP 	Created topMsg = TextStim(alignHoriz='center', alignVert='center', antialias=True, autoLog=True, bold=False, color='#000000', colorSpace='hex', contrast=1.0, depth=0, flipHoriz=False, flipVert=False, font='', fontFiles=[], height=0.1, italic=False, name='topMsg', opacity=1.0, ori=0.0, pos=array([ 0. ,  0.5]), rgb=array([0, 0, 0]), text=u'aaa', units='norm', win=Window(...), wrapWidth=1.5)
8.8211 	EXP 	Created bottomMsg = TextStim(alignHoriz='center', alignVert='center', antialias=True, autoLog=True, bold=False, color='#000000', colorSpace='hex', contrast=1.0, depth=0, flipHoriz=False, flipVert=False, font='', fontFiles=[], height=0.1, italic=False, name='bottomMsg', opacity=1.0, ori=0.0, pos=array([ 0. , -0.5]), rgb=array([0, 0, 0]), text=u'bbb', units='norm', win=Window(...), wrapWidth=1.5)
8.8446 	EXP 	Created ImageStimulus = ImageStim(autoLog=True, color=array([ 1.,  1.,  1.]), colorSpace='rgb', contrast=1.0, depth=0, flipHoriz=False, flipVert=False, image='Faces/image_0122.jpg', interpolate=False, mask=None, maskParams=None, name='ImageStimulus', opacity=1.0, ori=0.0, pos=array([ 0.,  0.]), size=array([896, 592]), texRes=128, units='pix', win=Window(...))
8.8958 	EXP 	topMsg: text = 'You will see images of faces. Indicate whether the face is male using the button box.'
8.8958 	EXP 	bottomMsg: text = 'Press any button to continue.'
8.8958 	EXP 	Display Instructions1
9.8201 	DATA 	Keypress: space
9.9141 	EXP 	topMsg: text = 'If you have any questions, please ask the experimenter now.'
9.9141 	EXP 	bottomMsg: text = 'WHEN YOU ARE READY TO BEGIN, press any button.'
9.9141 	EXP 	Display Instructions2
10.4522 	DATA 	Keypress: space
10.4866 	EXP 	topMsg: text = 'Waiting for scanner to start...'
10.4866 	EXP 	bottomMsg: text = "(Press 'T' to override.)"
10.4866 	EXP 	Display WaitingForScanner
10.9882 	DATA 	Keypress: space
11.7561 	DATA 	Keypress: t
11.7656 	EXP 	Display Fixation
11.7657 	EXP 	---START EXPERIMENT---
13.7690 	EXP 	ImageStimulus: size = array([896, 592])
13.7690 	EXP 	ImageStimulus: image = 'Faces/image_0122.jpg'
13.7690 	EXP 	Display Faces/image_0122.jpg
14.4523 	DATA 	Keypress: r
14.4674 	EXP 	Display Fixation
16.4707 	EXP 	ImageStimulus: size = array([896, 592])
16.4707 	EXP 	ImageStimulus: image = 'Faces/image_0178.jpg'
16.4707 	EXP 	Display Faces/image_0178.jpg
16.7724 	DATA 	Keypress: b
16.7863 	EXP 	Display Fixation
18.7886 	EXP 	ImageStimulus: size = array([896, 592])
18.7886 	EXP 	ImageStimulus: image = 'Faces/image_0387.jpg'
18.7886 	EXP 	Display Faces/image_0387.jpg
19.0925 	DATA 	Keypress: g
19.1047 	EXP 	Display Fixation
19.1047 	EXP 	--- END EXPERIMENT ---
19.1372 	EXP 	topMsg: text = "That's the end! "
19.1372 	EXP 	bottomMsg: text = "Press 'q' or 'escape' to end the session."
19.1372 	EXP 	Display TheEnd
20.0846 	DATA 	Keypress: q
